<?xml version="1.0" encoding="UTF-8" ?>
<testsuite tests="12" failures="0" name="TestGames" time="0.256" errors="0" skipped="0">
  <properties>
[...]
</properties>
  <testcase classname="TestGames" name="startGame" time="0.157"/>
  <testcase classname="TestGames" name="checkSnakeMovementLeft" time="0.035"/>
  <testcase classname="TestGames" name="movesAvailable" time="0"/>
  <testcase classname="TestGames" name="checkSnakeMovementBottom" time="0.013"/>
  <testcase classname="TestGames" name="addRandomTile" time="0"/>
  <testcase classname="TestGames" name="checkSnakeMovementRight" time="0.008"/>
  <testcase classname="TestGames" name="checkGettingPrize" time="0.014"/>
  <testcase classname="TestGames" name="checkSnakeMovementTop" time="0.008"/>
  <testcase classname="TestGames" name="checkSnakeCollision" time="0.006"/>
  <testcase classname="TestGames" name="gameState" time="0.001"/>
  <testcase classname="TestGames" name="checkNotGettingPrize" time="0.007"/>
  <testcase classname="TestGames" name="checkNotSnakeCollision" time="0.007"/>
</testsuite>